0 info it worked if it ends with ok
1 verbose cli [
1 verbose cli   'C:\\Program Files\\nodejs\\node.exe',
1 verbose cli   'C:\\Users\\Mert Efe Işıkgör\\AppData\\Roaming\\npm\\node_modules\\npm\\bin\\npm-cli.js',
1 verbose cli   'build',
1 verbose cli   'run'
1 verbose cli ]
2 info using npm@6.14.8
3 info using node@v14.12.0
4 info build C:\Users\Mert Efe Işıkgör\Desktop\assignment-2-proj-nextjs\my-app\run
5 verbose stack Error: ENOENT: no such file or directory, open 'C:\Users\Mert Efe Işıkgör\Desktop\assignment-2-proj-nextjs\my-app\run\package.json'
6 verbose cwd C:\Users\Mert Efe Işıkgör\Desktop\assignment-2-proj-nextjs\my-app
7 verbose Windows_NT 10.0.19041
8 verbose argv "C:\\Program Files\\nodejs\\node.exe" "C:\\Users\\Mert Efe Işıkgör\\AppData\\Roaming\\npm\\node_modules\\npm\\bin\\npm-cli.js" "build" "run"
9 verbose node v14.12.0
10 verbose npm  v6.14.8
11 error code ENOENT
12 error syscall open
13 error path C:\Users\Mert Efe Işıkgör\Desktop\assignment-2-proj-nextjs\my-app\run\package.json
14 error errno -4058
15 error enoent ENOENT: no such file or directory, open 'C:\Users\Mert Efe Işıkgör\Desktop\assignment-2-proj-nextjs\my-app\run\package.json'
16 error enoent This is related to npm not being able to find a file.
17 verbose exit [ -4058, true ]
